<?xml version="1.0" encoding="UTF-8"?>
<robot generator="Robot 3.0.2 (Python 3.6.4 on win32)" generated="20180210 12:41:52.427">
<suite id="s1" name="Example" source="D:\workspace\python\automation-framework-python\src\tests\robot\example.robot">
<test id="s1-t1" name="Example action">
<kw name="Log" library="BuiltIn">
<doc>Logs the given message with the given level.</doc>
<arguments>
<arg>This is a test</arg>
</arguments>
<msg timestamp="20180210 12:41:52.723" level="INFO">This is a test</msg>
<status status="PASS" starttime="20180210 12:41:52.723" endtime="20180210 12:41:52.723"></status>
</kw>
<status status="PASS" starttime="20180210 12:41:52.723" endtime="20180210 12:41:52.723" critical="yes"></status>
</test>
<status status="PASS" starttime="20180210 12:41:52.458" endtime="20180210 12:41:52.723"></status>
</suite>
<statistics>
<total>
<stat pass="1" fail="0">Critical Tests</stat>
<stat pass="1" fail="0">All Tests</stat>
</total>
<tag>
</tag>
<suite>
<stat pass="1" fail="0" id="s1" name="Example">Example</stat>
</suite>
</statistics>
<errors>
</errors>
</robot>
